Build started 5/9/2015 4:19:55 AM.
     1>Project "E:\Project2\Project2\Project2.vcxproj" on node 2 (Build target(s)).
     1>ClCompile:
         C:\Program Files (x86)\Microsoft Visual Studio 11.0\VC\bin\CL.exe /c /ZI /nologo /W3 /WX- /Od /Oy- /D _MBCS /Gm /EHsc /RTC1 /MDd /GS /fp:precise /Zc:wchar_t /Zc:forScope /Fo"Debug\\" /Fd"Debug\vc110.pdb" /Gd /TP /analyze- /errorReport:prompt calender.cpp
         calender.cpp
     1>e:\project2\project2\calender.cpp(770): warning C4553: '==' : operator has no effect; did you intend '='?
     1>e:\project2\project2\calender.cpp(856): warning C4996: 'strtok': This function or variable may be unsafe. Consider using strtok_s instead. To disable deprecation, use _CRT_SECURE_NO_WARNINGS. See online help for details.
                 c:\program files (x86)\microsoft visual studio 11.0\vc\include\string.h(200) : see declaration of 'strtok'
     1>e:\project2\project2\calender.cpp(857): warning C4996: 'strtok': This function or variable may be unsafe. Consider using strtok_s instead. To disable deprecation, use _CRT_SECURE_NO_WARNINGS. See online help for details.
                 c:\program files (x86)\microsoft visual studio 11.0\vc\include\string.h(200) : see declaration of 'strtok'
     1>e:\project2\project2\calender.cpp(859): warning C4996: 'strtok': This function or variable may be unsafe. Consider using strtok_s instead. To disable deprecation, use _CRT_SECURE_NO_WARNINGS. See online help for details.
                 c:\program files (x86)\microsoft visual studio 11.0\vc\include\string.h(200) : see declaration of 'strtok'
     1>e:\project2\project2\calender.cpp(860): warning C4996: 'strtok': This function or variable may be unsafe. Consider using strtok_s instead. To disable deprecation, use _CRT_SECURE_NO_WARNINGS. See online help for details.
                 c:\program files (x86)\microsoft visual studio 11.0\vc\include\string.h(200) : see declaration of 'strtok'
     1>e:\project2\project2\calender.cpp(862): warning C4996: 'strtok': This function or variable may be unsafe. Consider using strtok_s instead. To disable deprecation, use _CRT_SECURE_NO_WARNINGS. See online help for details.
                 c:\program files (x86)\microsoft visual studio 11.0\vc\include\string.h(200) : see declaration of 'strtok'
     1>e:\project2\project2\calender.cpp(863): warning C4996: 'strtok': This function or variable may be unsafe. Consider using strtok_s instead. To disable deprecation, use _CRT_SECURE_NO_WARNINGS. See online help for details.
                 c:\program files (x86)\microsoft visual studio 11.0\vc\include\string.h(200) : see declaration of 'strtok'
     1>e:\project2\project2\calender.cpp(864): warning C4996: 'strtok': This function or variable may be unsafe. Consider using strtok_s instead. To disable deprecation, use _CRT_SECURE_NO_WARNINGS. See online help for details.
                 c:\program files (x86)\microsoft visual studio 11.0\vc\include\string.h(200) : see declaration of 'strtok'
     1>e:\project2\project2\calender.cpp(865): warning C4244: 'initializing' : conversion from 'double' to 'float', possible loss of data
     1>e:\project2\project2\calender.cpp(865): warning C4996: 'strtok': This function or variable may be unsafe. Consider using strtok_s instead. To disable deprecation, use _CRT_SECURE_NO_WARNINGS. See online help for details.
                 c:\program files (x86)\microsoft visual studio 11.0\vc\include\string.h(200) : see declaration of 'strtok'
       Link:
         C:\Program Files (x86)\Microsoft Visual Studio 11.0\VC\bin\link.exe /ERRORREPORT:PROMPT /OUT:"E:\Project2\Debug\Project2.exe" /INCREMENTAL /NOLOGO kernel32.lib user32.lib gdi32.lib winspool.lib comdlg32.lib advapi32.lib shell32.lib ole32.lib oleaut32.lib uuid.lib odbc32.lib odbccp32.lib /MANIFEST /MANIFESTUAC:"level='asInvoker' uiAccess='false'" /manifest:embed /DEBUG /PDB:"E:\Project2\Debug\Project2.pdb" /TLBID:1 /DYNAMICBASE /NXCOMPAT /IMPLIB:"E:\Project2\Debug\Project2.lib" /MACHINE:X86 Debug\calender.obj
         Project2.vcxproj -> E:\Project2\Debug\Project2.exe
     1>Done Building Project "E:\Project2\Project2\Project2.vcxproj" (Build target(s)).

Build succeeded.

Time Elapsed 00:00:06.01
